<?xml version="1.0" encoding="UTF-8"?>
<!-- Generated by org.testng.reporters.JUnitXMLReporter -->
<testsuite ignored="0" hostname="LAPTOP-H6VEF0PU" failures="1" tests="2" name="Error Validation Test" time="19.927" errors="0" timestamp="2025-04-14T21:28:20 JST">
  <testcase classname="automation.test.ErrorValidationsTest" name="loginErrorValidation" time="1.267">
    <failure type="java.lang.AssertionError" message="expected [Incorrect email or password.] but found [Incorrect  or password.]">
      <![CDATA[java.lang.AssertionError: expected [Incorrect email or password.] but found [Incorrect  or password.]
at automation.test.ErrorValidationsTest.loginErrorValidation(ErrorValidationsTest.java:15)
at java.base/java.util.ArrayList.forEach(ArrayList.java:1596)
at java.base/java.util.concurrent.FutureTask.run(FutureTask.java:317)
at java.base/java.util.concurrent.ThreadPoolExecutor.runWorker(ThreadPoolExecutor.java:1144)
at java.base/java.util.concurrent.ThreadPoolExecutor$Worker.run(ThreadPoolExecutor.java:642)
at java.base/java.lang.Thread.run(Thread.java:1583)
... Removed 21 stack frames]]>
    </failure>
  </testcase> <!-- loginErrorValidation -->
  <testcase classname="automation.test.ErrorValidationsTest" name="productErrorValidation" time="5.547"/>
</testsuite> <!-- Error Validation Test -->
